<?xml version="1.0" encoding="UTF-8"?>
<testng-results ignored="0" total="1" passed="1" failed="0" skipped="0">
  <reporter-output>
  </reporter-output>
  <suite started-at="2021-05-10T19:03:15 IST" name="Craftsvilla" finished-at="2021-05-10T19:04:18 IST" duration-ms="63448">
    <groups>
    </groups>
    <test started-at="2021-05-10T19:03:15 IST" name="Regression" finished-at="2021-05-10T19:04:18 IST" duration-ms="63448">
      <class name="com.craftsvilla.testscripts.SignInModuleScript">
        <test-method is-config="true" signature="launchBrowser(java.lang.String)[pri:0, instance:com.craftsvilla.testscripts.SignInModuleScript@4082ba93]" started-at="2021-05-10T19:03:15 IST" name="launchBrowser" finished-at="2021-05-10T19:03:26 IST" duration-ms="11158" status="PASS">
          <params>
            <param index="0">
              <value>
                <![CDATA[chrome]]>
              </value>
            </param>
          </params>
          <reporter-output>
          </reporter-output>
        </test-method> <!-- launchBrowser -->
        <test-method signature="tc_01_LoginTest()[pri:0, instance:com.craftsvilla.testscripts.SignInModuleScript@4082ba93]" started-at="2021-05-10T19:03:26 IST" name="tc_01_LoginTest" finished-at="2021-05-10T19:04:18 IST" duration-ms="51378" status="PASS">
          <reporter-output>
          </reporter-output>
        </test-method> <!-- tc_01_LoginTest -->
        <test-method is-config="true" signature="tearDown()[pri:0, instance:com.craftsvilla.testscripts.SignInModuleScript@4082ba93]" started-at="2021-05-10T19:04:18 IST" name="tearDown" finished-at="2021-05-10T19:04:18 IST" duration-ms="869" status="PASS">
          <reporter-output>
          </reporter-output>
        </test-method> <!-- tearDown -->
      </class> <!-- com.craftsvilla.testscripts.SignInModuleScript -->
    </test> <!-- Regression -->
  </suite> <!-- Craftsvilla -->
</testng-results>
